<beans xmlns="http://www.springframework.org/schema/beans"
       xmlns:xsi="http://www.w3.org/2001/XMLSchema-instance" xmlns:dubbo="http://code.alibabatech.com/schema/dubbo"
       xsi:schemaLocation="http://www.springframework.org/schema/beans
			http://www.springframework.org/schema/beans/spring-beans-3.0.xsd http://code.alibabatech.com/schema/dubbo http://code.alibabatech.com/schema/dubbo/dubbo.xsd">


    <!-- 消费方应用名，用于计算依赖关系，不是匹配条件，不要与提供方一样 -->
    <dubbo:application name="fs-open-app-center-external-test" />

    <!-- 使用multicast广播注册中心暴露发现服务地址 -->
    <dubbo:registry address="zookeeper://172.31.105.107:4180" file=".dubbo/dubbo-registry.cache"/>

    <dubbo:consumer timeout="6000" check="false" filter="tracerpc"/>

    <dubbo:reference version="1.0" id="queryAppAdminService" interface="com.facishare.open.app.center.api.service.QueryAppAdminService" protocol="dubbo"/>
</beans>